<?xml version="1.0" ?>
<testsuites>
  <testsuite name="quality" tests="1" failures="1" skipped="0" errors="0" time="226.993">
    <testcase name="Canonical umbrella quality suite" classname="quality" time="226.993">
      <failure message="Exit 201">All checks passed!
945 files already formatted
info: rule `non-subscriptable` is enabled by default

Found 382 diagnostics
src/thegent/work_packages/molecular_compute.py:9: unused variable 'computation' (100% confidence)
src/thegent/work_packages/sensory_context.py:103: unused variable 'frame_interval' (100% confidence)
src/thegent/work_packages/swarm_memory.py:9: unused variable 'memory_content' (100% confidence)
src/thegent/work_packages/timeline_merge.py:9: unused variable 'timelines' (100% confidence)
src/thegent/work_packages/virtualized_consciousness.py:9: unused variable 'consciousness_state' (100% confidence)
VIOLATION: src/thegent/cli/commands/impl.py imports 'maif' which is not allowed for layer 'cli'
VIOLATION: src/thegent/cli/commands/cli_commands_shared_servers.py imports 'shared_server_integration' which is not allowed for layer 'cli'
VIOLATION: src/thegent/cli/commands/cli_commands_shared_servers.py imports 'shared_mcp_manager' which is not allowed for layer 'cli'
VIOLATION: src/thegent/cli/apps/routing.py imports 'commands' which is not allowed for layer 'cli'
VIOLATION: src/thegent/cli/apps/main.py imports 'mesh' which is not allowed for layer 'cli'
Tach check completed
Import-linter completed
125 |
126 |           return meta
    |

Found 734 errors.
^-- SC1071 (error): ShellCheck only supports sh/bash/dash/ksh/'busybox sh' scripts. Sorry!

For more information:
  https://www.shellcheck.net/wiki/SC1071 -- ShellCheck only supports sh/bash/...
  https://www.shellcheck.net/wiki/SC1007 -- Remove space after = if trying to...
=== FR Traceability Audit ===
[ERROR] //FUNCTIONAL_REQUIREMENTS.md not found.
Traceability skipped
Rust clippy skipped
Rust tests skipped

==================================== ERRORS ====================================
____________ ERROR collecting tests/test_wl083_result_aggregator.py ____________
ImportError while importing test module '/Users/kooshapari/temp-PRODVERCEL/485/kush/thegent/tests/test_wl083_result_aggregator.py'.
Hi</failure>
    </testcase>
  </testsuite>
</testsuites>
