mode: set
github.com/byteport/api/internal/infrastructure/http/middleware/auth.go:11.39,12.30 1 1
github.com/byteport/api/internal/infrastructure/http/middleware/auth.go:12.30,15.23 2 1
github.com/byteport/api/internal/infrastructure/http/middleware/auth.go:15.23,22.4 3 1
github.com/byteport/api/internal/infrastructure/http/middleware/auth.go:25.3,26.46 2 1
github.com/byteport/api/internal/infrastructure/http/middleware/auth.go:26.46,33.4 3 1
github.com/byteport/api/internal/infrastructure/http/middleware/auth.go:35.3,40.17 3 1
github.com/byteport/api/internal/infrastructure/http/middleware/auth.go:40.17,47.4 3 0
github.com/byteport/api/internal/infrastructure/http/middleware/auth.go:50.3,52.11 2 1
github.com/byteport/api/internal/infrastructure/http/middleware/auth.go:58.50,62.2 1 1
github.com/byteport/api/internal/infrastructure/http/middleware/auth.go:65.47,66.30 1 1
github.com/byteport/api/internal/infrastructure/http/middleware/auth.go:66.30,68.23 2 1
github.com/byteport/api/internal/infrastructure/http/middleware/auth.go:68.23,70.47 2 1
github.com/byteport/api/internal/infrastructure/http/middleware/auth.go:70.47,72.58 2 1
github.com/byteport/api/internal/infrastructure/http/middleware/auth.go:72.58,74.6 1 1
github.com/byteport/api/internal/infrastructure/http/middleware/auth.go:77.3,77.11 1 1
