mode: set
github.com/byteport/api/testhelpers/database.go:27.40,44.16 4 0
github.com/byteport/api/testhelpers/database.go:44.16,46.3 1 0
github.com/byteport/api/testhelpers/database.go:49.2,50.16 2 0
github.com/byteport/api/testhelpers/database.go:50.16,52.3 1 0
github.com/byteport/api/testhelpers/database.go:55.2,58.16 2 0
github.com/byteport/api/testhelpers/database.go:58.16,60.3 1 0
github.com/byteport/api/testhelpers/database.go:63.2,64.16 2 0
github.com/byteport/api/testhelpers/database.go:64.16,66.3 1 0
github.com/byteport/api/testhelpers/database.go:68.2,68.37 1 0
github.com/byteport/api/testhelpers/database.go:68.37,70.3 1 0
github.com/byteport/api/testhelpers/database.go:72.2,79.19 2 0
github.com/byteport/api/testhelpers/database.go:79.19,81.3 1 0
github.com/byteport/api/testhelpers/database.go:83.2,83.15 1 0
github.com/byteport/api/testhelpers/database.go:87.46,93.16 3 0
github.com/byteport/api/testhelpers/database.go:93.16,95.3 1 0
github.com/byteport/api/testhelpers/database.go:97.2,101.19 2 0
github.com/byteport/api/testhelpers/database.go:101.19,102.40 1 0
github.com/byteport/api/testhelpers/database.go:102.40,104.4 1 0
github.com/byteport/api/testhelpers/database.go:107.2,107.15 1 0
github.com/byteport/api/testhelpers/database.go:111.30,112.19 1 1
github.com/byteport/api/testhelpers/database.go:112.19,114.17 2 0
github.com/byteport/api/testhelpers/database.go:114.17,116.4 1 0
github.com/byteport/api/testhelpers/database.go:119.2,119.26 1 1
github.com/byteport/api/testhelpers/database.go:119.26,123.3 3 0
github.com/byteport/api/testhelpers/database.go:127.60,128.35 1 0
github.com/byteport/api/testhelpers/database.go:128.35,129.92 1 0
github.com/byteport/api/testhelpers/database.go:129.92,131.4 1 0
github.com/byteport/api/testhelpers/database.go:133.2,133.12 1 0
github.com/byteport/api/testhelpers/database.go:137.68,138.52 1 0
github.com/byteport/api/testhelpers/database.go:138.52,139.32 1 0
github.com/byteport/api/testhelpers/database.go:139.32,141.4 1 0
github.com/byteport/api/testhelpers/database.go:143.3,143.37 1 0
github.com/byteport/api/testhelpers/database.go:148.48,150.2 1 0
github.com/byteport/api/testhelpers/database.go:153.63,155.2 1 0
github.com/byteport/api/testhelpers/fixtures.go:164.60,175.37 2 1
github.com/byteport/api/testhelpers/fixtures.go:175.37,177.3 1 1
github.com/byteport/api/testhelpers/fixtures.go:179.2,179.13 1 1
github.com/byteport/api/testhelpers/fixtures.go:183.84,196.37 2 1
github.com/byteport/api/testhelpers/fixtures.go:196.37,198.3 1 1
github.com/byteport/api/testhelpers/fixtures.go:200.2,200.16 1 1
github.com/byteport/api/testhelpers/fixtures.go:204.96,217.37 2 1
github.com/byteport/api/testhelpers/fixtures.go:217.37,219.3 1 1
github.com/byteport/api/testhelpers/fixtures.go:221.2,221.19 1 1
github.com/byteport/api/testhelpers/http.go:30.31,33.2 2 1
github.com/byteport/api/testhelpers/http.go:36.83,39.31 2 1
github.com/byteport/api/testhelpers/http.go:39.31,40.37 1 1
github.com/byteport/api/testhelpers/http.go:40.37,45.22 3 1
github.com/byteport/api/testhelpers/http.go:45.22,49.5 3 1
github.com/byteport/api/testhelpers/http.go:52.4,56.39 3 1
github.com/byteport/api/testhelpers/http.go:56.39,58.5 1 1
github.com/byteport/api/testhelpers/http.go:61.4,68.30 4 1
github.com/byteport/api/testhelpers/http.go:68.30,73.62 4 1
github.com/byteport/api/testhelpers/http.go:73.62,75.6 1 0
github.com/byteport/api/testhelpers/http.go:79.4,79.31 1 1
github.com/byteport/api/testhelpers/http.go:79.31,81.5 1 1
github.com/byteport/api/testhelpers/http.go:87.83,90.17 2 1
github.com/byteport/api/testhelpers/http.go:90.17,92.17 2 1
github.com/byteport/api/testhelpers/http.go:92.17,94.4 1 0
github.com/byteport/api/testhelpers/http.go:95.3,95.42 1 1
github.com/byteport/api/testhelpers/http.go:98.2,99.16 2 1
github.com/byteport/api/testhelpers/http.go:99.16,101.3 1 0
github.com/byteport/api/testhelpers/http.go:103.2,104.17 2 1
github.com/byteport/api/testhelpers/http.go:108.91,114.2 4 1
github.com/byteport/api/testhelpers/http.go:117.94,123.52 4 1
github.com/byteport/api/testhelpers/http.go:123.52,125.3 1 0
github.com/byteport/api/testhelpers/http.go:129.97,139.2 5 1
github.com/byteport/api/testhelpers/http.go:142.102,146.50 3 1
github.com/byteport/api/testhelpers/http.go:146.50,149.3 2 1
github.com/byteport/api/testhelpers/http.go:153.109,155.16 2 1
github.com/byteport/api/testhelpers/http.go:155.16,157.3 1 0
github.com/byteport/api/testhelpers/http.go:160.2,163.17 3 1
github.com/byteport/api/testhelpers/http.go:167.51,171.2 1 1
github.com/byteport/api/testhelpers/http.go:174.44,175.30 1 1
github.com/byteport/api/testhelpers/http.go:175.30,177.23 2 1
github.com/byteport/api/testhelpers/http.go:177.23,181.4 3 1
github.com/byteport/api/testhelpers/http.go:184.3,184.58 1 1
github.com/byteport/api/testhelpers/http.go:184.58,188.4 3 1
github.com/byteport/api/testhelpers/http.go:188.9,192.4 3 1
github.com/byteport/api/testhelpers/http.go:194.3,194.11 1 1
github.com/byteport/api/testhelpers/http.go:199.97,206.39 5 1
github.com/byteport/api/testhelpers/http.go:206.39,209.3 2 1
github.com/byteport/api/testhelpers/http.go:213.69,217.2 1 1
